<?xml version="1.0" encoding="utf-8" standalone="no"?>
<!--This file represents the results of running a test suite-->
<test-results name="C:\git\perryOfPeek\SqlToGraphite\test\SqlToGraphite.Host.UnitTests\bin\Release\SqlToGraphite.Host.UnitTests.dll" total="1" errors="0" failures="0" not-run="0" inconclusive="0" ignored="0" skipped="0" invalid="0" date="2012-06-14" time="22:22:36">
  <environment nunit-version="2.6.0.12051" clr-version="2.0.50727.5448" os-version="Microsoft Windows NT 6.1.7601 Service Pack 1" platform="Win32NT" cwd="C:\git\perryOfPeek\SqlToGraphite" machine-name="TTL001121" user="owainp" user-domain="TTLWIN2K" />
  <culture-info current-culture="en-GB" current-uiculture="en-US" />
  <test-suite type="Assembly" name="C:\git\perryOfPeek\SqlToGraphite\test\SqlToGraphite.Host.UnitTests\bin\Release\SqlToGraphite.Host.UnitTests.dll" executed="True" result="Success" success="True" time="0.025" asserts="0">
    <results>
      <test-suite type="Namespace" name="SqlToGraphite" executed="True" result="Success" success="True" time="0.018" asserts="0">
        <results>
          <test-suite type="Namespace" name="Host" executed="True" result="Success" success="True" time="0.018" asserts="0">
            <results>
              <test-suite type="Namespace" name="UnitTests" executed="True" result="Success" success="True" time="0.018" asserts="0">
                <results>
                  <test-suite type="TestFixture" name="Should_do_things_with_config" executed="True" result="Success" success="True" time="0.016" asserts="0">
                    <results>
                      <test-case name="SqlToGraphite.Host.UnitTests.Should_do_things_with_config.Should_map_configuration_to_taskset" executed="True" result="Success" success="True" time="0.009" asserts="0" />
                    </results>
                  </test-suite>
                </results>
              </test-suite>
            </results>
          </test-suite>
        </results>
      </test-suite>
    </results>
  </test-suite>
</test-results>